\BOOKMARK [0][-]{chapter.1}{Introduzione}{}
\BOOKMARK [1][-]{section.1.1}{Obiettivo}{chapter.1}
\BOOKMARK [1][-]{section.1.2}{Scopo}{chapter.1}
\BOOKMARK [1][-]{section.1.3}{Definizioni, acronimi e abbreviazioni}{chapter.1}
\BOOKMARK [1][-]{section.1.4}{Riferimenti}{chapter.1}
\BOOKMARK [1][-]{section.1.5}{Struttura Generale}{chapter.1}
\BOOKMARK [0][-]{chapter.2}{Generalit\340}{}
\BOOKMARK [1][-]{section.2.1}{Prospettive del Prodotto}{chapter.2}
\BOOKMARK [2][-]{subsection.2.1.1}{Interfaccia Utente}{section.2.1}
\BOOKMARK [2][-]{subsection.2.1.2}{Interfaccia Hardware}{section.2.1}
\BOOKMARK [2][-]{subsection.2.1.3}{Intefaccia Software}{section.2.1}
\BOOKMARK [2][-]{subsection.2.1.4}{Intefaccia delle Comunicazioni}{section.2.1}
\BOOKMARK [2][-]{subsection.2.1.5}{Vincoli di Memoria}{section.2.1}
\BOOKMARK [1][-]{section.2.2}{Funzionalit\340 del Prodotto}{chapter.2}
\BOOKMARK [1][-]{section.2.3}{Caratteristiche Utente}{chapter.2}
\BOOKMARK [1][-]{section.2.4}{Vincoli}{chapter.2}
\BOOKMARK [2][-]{subsection.2.4.1}{Limitazioni hardware}{section.2.4}
\BOOKMARK [2][-]{subsection.2.4.2}{Interfaccia con le altre applicazioni}{section.2.4}
\BOOKMARK [2][-]{subsection.2.4.3}{Requisiti di linguaggio ad alto livello}{section.2.4}
\BOOKMARK [2][-]{subsection.2.4.4}{Considerazoni sulla sicurezza}{section.2.4}
\BOOKMARK [0][-]{chapter.3}{Specifiche dei Requisiti}{}
\BOOKMARK [1][-]{section.3.1}{Casi d'Uso}{chapter.3}
